Determining if the pthread_create exist failed with the following output:
Change Dir: /home/aditya/Sem 2/808X/MidTerm/Human_Obstacle_Detector/build/CMakeFiles/CMakeTmp

Run Build Command:"/usr/bin/make" "cmTC_b2b5a/fast"
/usr/bin/make -f CMakeFiles/cmTC_b2b5a.dir/build.make CMakeFiles/cmTC_b2b5a.dir/build
make[1]: Entering directory '/home/aditya/Sem 2/808X/MidTerm/Human_Obstacle_Detector/build/CMakeFiles/CMakeTmp'
Building C object CMakeFiles/cmTC_b2b5a.dir/CheckSymbolExists.c.o
/usr/bin/cc    -o CMakeFiles/cmTC_b2b5a.dir/CheckSymbolExists.c.o   -c "/home/aditya/Sem 2/808X/MidTerm/Human_Obstacle_Detector/build/CMakeFiles/CMakeTmp/CheckSymbolExists.c"
Linking C executable cmTC_b2b5a
/usr/bin/cmake -E cmake_link_script CMakeFiles/cmTC_b2b5a.dir/link.txt --verbose=1
/usr/bin/cc      -rdynamic CMakeFiles/cmTC_b2b5a.dir/CheckSymbolExists.c.o  -o cmTC_b2b5a 
CMakeFiles/cmTC_b2b5a.dir/CheckSymbolExists.c.o: In function `main':
CheckSymbolExists.c:(.text+0x1b): undefined reference to `pthread_create'
collect2: error: ld returned 1 exit status
CMakeFiles/cmTC_b2b5a.dir/build.make:97: recipe for target 'cmTC_b2b5a' failed
make[1]: *** [cmTC_b2b5a] Error 1
make[1]: Leaving directory '/home/aditya/Sem 2/808X/MidTerm/Human_Obstacle_Detector/build/CMakeFiles/CMakeTmp'
Makefile:126: recipe for target 'cmTC_b2b5a/fast' failed
make: *** [cmTC_b2b5a/fast] Error 2

File /home/aditya/Sem 2/808X/MidTerm/Human_Obstacle_Detector/build/CMakeFiles/CMakeTmp/CheckSymbolExists.c:
/* */
#include <pthread.h>

int main(int argc, char** argv)
{
  (void)argv;
#ifndef pthread_create
  return ((int*)(&pthread_create))[argc];
#else
  (void)argc;
  return 0;
#endif
}

Determining if the function pthread_create exists in the pthreads failed with the following output:
Change Dir: /home/aditya/Sem 2/808X/MidTerm/Human_Obstacle_Detector/build/CMakeFiles/CMakeTmp

Run Build Command:"/usr/bin/make" "cmTC_10ac1/fast"
/usr/bin/make -f CMakeFiles/cmTC_10ac1.dir/build.make CMakeFiles/cmTC_10ac1.dir/build
make[1]: Entering directory '/home/aditya/Sem 2/808X/MidTerm/Human_Obstacle_Detector/build/CMakeFiles/CMakeTmp'
Building C object CMakeFiles/cmTC_10ac1.dir/CheckFunctionExists.c.o
/usr/bin/cc   -DCHECK_FUNCTION_EXISTS=pthread_create   -o CMakeFiles/cmTC_10ac1.dir/CheckFunctionExists.c.o   -c /usr/share/cmake-3.10/Modules/CheckFunctionExists.c
Linking C executable cmTC_10ac1
/usr/bin/cmake -E cmake_link_script CMakeFiles/cmTC_10ac1.dir/link.txt --verbose=1
/usr/bin/cc  -DCHECK_FUNCTION_EXISTS=pthread_create    -rdynamic CMakeFiles/cmTC_10ac1.dir/CheckFunctionExists.c.o  -o cmTC_10ac1 -lpthreads 
/usr/bin/ld: cannot find -lpthreads
collect2: error: ld returned 1 exit status
CMakeFiles/cmTC_10ac1.dir/build.make:97: recipe for target 'cmTC_10ac1' failed
make[1]: *** [cmTC_10ac1] Error 1
make[1]: Leaving directory '/home/aditya/Sem 2/808X/MidTerm/Human_Obstacle_Detector/build/CMakeFiles/CMakeTmp'
Makefile:126: recipe for target 'cmTC_10ac1/fast' failed
make: *** [cmTC_10ac1/fast] Error 2


